debug: Fri, 26 Nov 2021 02:51:17 GMT
debug: Project: /Users/point/projects/flappy-bird
debug: Targets: editor,preview
debug: Incremental file seems great.
debug: Engine path: /Applications/CocosCreator/Creator/3.3.2/CocosCreator.app/Contents/Resources/resources/3d/engine
debug: Initializing target [Editor]
debug: Loading cache
debug: Loading cache costs 2.0721797943115234ms.
debug: Engine features shipped in editor: base,gfx-webgl,gfx-webgl2,3d,2d,ui,particle,particle-2d,physics-framework,physics-2d-framework,intersection-2d,primitive,profiler,audio,video,terrain,webview,tween,tiled-map,spine,dragon-bones
debug: Initializing target [Preview]
debug: Loading cache
debug: Loading cache costs 2.2901554107666016ms.
debug: Sync engine features: base,gfx-webgl,2d,ui,physics-2d-builtin,intersection-2d,profiler,particle-2d,audio,video,webview,tween,tiled-map,spine,dragon-bones
debug: Pulling asset-db.
debug: Fetch asset-db cost: 12.82264518737793ms.
debug: Build iteration starts.
Number of accumulated asset changes: 3
Feature changed: false
debug: Target(editor) build started.
debug: Detected change: cce:/internal/x/cc. Last mtime: Thu Jan 01 1970 08:00:09 GMT+0800 (中国标准时间), Current mtime: Thu Jan 01 1970 08:00:05 GMT+0800 (中国标准时间)
debug: Inspect cce:/internal/x/cc
debug: Resolve cce:/internal/x/cc-fu/base from cce:/internal/x/cc as external dependency cce:/internal/x/cc-fu/base.
debug: Resolve cce:/internal/x/cc-fu/gfx-webgl from cce:/internal/x/cc as external dependency cce:/internal/x/cc-fu/gfx-webgl.
debug: Resolve cce:/internal/x/cc-fu/gfx-webgl2 from cce:/internal/x/cc as external dependency cce:/internal/x/cc-fu/gfx-webgl2.
debug: Resolve cce:/internal/x/cc-fu/3d from cce:/internal/x/cc as external dependency cce:/internal/x/cc-fu/3d.
debug: Resolve cce:/internal/x/cc-fu/2d from cce:/internal/x/cc as external dependency cce:/internal/x/cc-fu/2d.
debug: Resolve cce:/internal/x/cc-fu/ui from cce:/internal/x/cc as external dependency cce:/internal/x/cc-fu/ui.
debug: Resolve cce:/internal/x/cc-fu/particle from cce:/internal/x/cc as external dependency cce:/internal/x/cc-fu/particle.
debug: Resolve cce:/internal/x/cc-fu/particle-2d from cce:/internal/x/cc as external dependency cce:/internal/x/cc-fu/particle-2d.
debug: Resolve cce:/internal/x/cc-fu/physics-framework from cce:/internal/x/cc as external dependency cce:/internal/x/cc-fu/physics-framework.
debug: Resolve cce:/internal/x/cc-fu/physics-2d-framework from cce:/internal/x/cc as external dependency cce:/internal/x/cc-fu/physics-2d-framework.
debug: Resolve cce:/internal/x/cc-fu/intersection-2d from cce:/internal/x/cc as external dependency cce:/internal/x/cc-fu/intersection-2d.
debug: Resolve cce:/internal/x/cc-fu/primitive from cce:/internal/x/cc as external dependency cce:/internal/x/cc-fu/primitive.
debug: Resolve cce:/internal/x/cc-fu/profiler from cce:/internal/x/cc as external dependency cce:/internal/x/cc-fu/profiler.
debug: Resolve cce:/internal/x/cc-fu/audio from cce:/internal/x/cc as external dependency cce:/internal/x/cc-fu/audio.
debug: Resolve cce:/internal/x/cc-fu/video from cce:/internal/x/cc as external dependency cce:/internal/x/cc-fu/video.
debug: Resolve cce:/internal/x/cc-fu/terrain from cce:/internal/x/cc as external dependency cce:/internal/x/cc-fu/terrain.
debug: Resolve cce:/internal/x/cc-fu/webview from cce:/internal/x/cc as external dependency cce:/internal/x/cc-fu/webview.
debug: Resolve cce:/internal/x/cc-fu/tween from cce:/internal/x/cc as external dependency cce:/internal/x/cc-fu/tween.
debug: Resolve cce:/internal/x/cc-fu/tiled-map from cce:/internal/x/cc as external dependency cce:/internal/x/cc-fu/tiled-map.
debug: Resolve cce:/internal/x/cc-fu/spine from cce:/internal/x/cc as external dependency cce:/internal/x/cc-fu/spine.
debug: Resolve cce:/internal/x/cc-fu/dragon-bones from cce:/internal/x/cc as external dependency cce:/internal/x/cc-fu/dragon-bones.
debug: Detected change: cce:/internal/x/prerequisite-imports. Last mtime: Thu Jan 01 1970 08:10:01 GMT+0800 (中国标准时间), Current mtime: Thu Jan 01 1970 08:00:11 GMT+0800 (中国标准时间)
debug: Inspect cce:/internal/x/prerequisite-imports
debug: Resolve file:///Users/point/projects/flappy-bird/assets/Script/AudioController.ts from cce:/internal/x/prerequisite-imports as file:///Users/point/projects/flappy-bird/assets/Script/AudioController.ts.
debug: Resolve file:///Users/point/projects/flappy-bird/assets/Script/MainController.ts from cce:/internal/x/prerequisite-imports as file:///Users/point/projects/flappy-bird/assets/Script/MainController.ts.
debug: Resolve file:///Users/point/projects/flappy-bird/assets/Script/BirdController.ts from cce:/internal/x/prerequisite-imports as file:///Users/point/projects/flappy-bird/assets/Script/BirdController.ts.
debug: Inspect file:///Users/point/projects/flappy-bird/assets/Script/AudioController.ts
debug: Inspect file:///Users/point/projects/flappy-bird/assets/Script/MainController.ts
debug: Inspect file:///Users/point/projects/flappy-bird/assets/Script/BirdController.ts
debug: Resolve cc from file:///Users/point/projects/flappy-bird/assets/Script/AudioController.ts as cce:/internal/x/cc.
debug: Resolve cc from file:///Users/point/projects/flappy-bird/assets/Script/AudioController.ts as cce:/internal/x/cc.
debug: Resolve cce:/internal/code-quality/cr.mjs from file:///Users/point/projects/flappy-bird/assets/Script/BirdController.ts as cce:/internal/code-quality/cr.mjs.
debug: Resolve cc from file:///Users/point/projects/flappy-bird/assets/Script/BirdController.ts as cce:/internal/x/cc.
debug: Resolve cc from file:///Users/point/projects/flappy-bird/assets/Script/BirdController.ts as cce:/internal/x/cc.
debug: Detected change: cce:/internal/code-quality/cr.mjs. Last mtime: Fri Nov 26 2021 00:54:15 GMT+0800 (中国标准时间), Current mtime: Fri Nov 26 2021 10:51:11 GMT+0800 (中国标准时间)
debug: Inspect cce:/internal/code-quality/cr.mjs
debug: Resolve cc from file:///Users/point/projects/flappy-bird/assets/Script/MainController.ts as cce:/internal/x/cc.
debug: Resolve cc from file:///Users/point/projects/flappy-bird/assets/Script/MainController.ts as cce:/internal/x/cc.
debug: Resolve ./MainController from file:///Users/point/projects/flappy-bird/assets/Script/BirdController.ts as file:///Users/point/projects/flappy-bird/assets/Script/MainController.ts.
debug: Resolve ./AudioController from file:///Users/point/projects/flappy-bird/assets/Script/BirdController.ts as file:///Users/point/projects/flappy-bird/assets/Script/AudioController.ts.
debug: Target(editor) ends with cost 477.78416442871094ms.
debug: Target(preview) build started.
debug: Detected change: cce:/internal/x/cc. Last mtime: Thu Jan 01 1970 08:00:09 GMT+0800 (中国标准时间), Current mtime: Thu Jan 01 1970 08:00:05 GMT+0800 (中国标准时间)
debug: Inspect cce:/internal/x/cc
debug: Resolve cce:/internal/x/cc-fu/base from cce:/internal/x/cc as external dependency cce:/internal/x/cc-fu/base.
debug: Resolve cce:/internal/x/cc-fu/gfx-webgl from cce:/internal/x/cc as external dependency cce:/internal/x/cc-fu/gfx-webgl.
debug: Resolve cce:/internal/x/cc-fu/2d from cce:/internal/x/cc as external dependency cce:/internal/x/cc-fu/2d.
debug: Resolve cce:/internal/x/cc-fu/ui from cce:/internal/x/cc as external dependency cce:/internal/x/cc-fu/ui.
debug: Resolve cce:/internal/x/cc-fu/physics-2d-builtin from cce:/internal/x/cc as external dependency cce:/internal/x/cc-fu/physics-2d-builtin.
debug: Resolve cce:/internal/x/cc-fu/physics-2d-framework from cce:/internal/x/cc as external dependency cce:/internal/x/cc-fu/physics-2d-framework.
debug: Resolve cce:/internal/x/cc-fu/intersection-2d from cce:/internal/x/cc as external dependency cce:/internal/x/cc-fu/intersection-2d.
debug: Resolve cce:/internal/x/cc-fu/profiler from cce:/internal/x/cc as external dependency cce:/internal/x/cc-fu/profiler.
debug: Resolve cce:/internal/x/cc-fu/particle-2d from cce:/internal/x/cc as external dependency cce:/internal/x/cc-fu/particle-2d.
debug: Resolve cce:/internal/x/cc-fu/audio from cce:/internal/x/cc as external dependency cce:/internal/x/cc-fu/audio.
debug: Resolve cce:/internal/x/cc-fu/video from cce:/internal/x/cc as external dependency cce:/internal/x/cc-fu/video.
debug: Resolve cce:/internal/x/cc-fu/webview from cce:/internal/x/cc as external dependency cce:/internal/x/cc-fu/webview.
debug: Resolve cce:/internal/x/cc-fu/tween from cce:/internal/x/cc as external dependency cce:/internal/x/cc-fu/tween.
debug: Resolve cce:/internal/x/cc-fu/tiled-map from cce:/internal/x/cc as external dependency cce:/internal/x/cc-fu/tiled-map.
debug: Resolve cce:/internal/x/cc-fu/spine from cce:/internal/x/cc as external dependency cce:/internal/x/cc-fu/spine.
debug: Resolve cce:/internal/x/cc-fu/dragon-bones from cce:/internal/x/cc as external dependency cce:/internal/x/cc-fu/dragon-bones.
debug: Detected change: cce:/internal/x/prerequisite-imports. Last mtime: Thu Jan 01 1970 08:10:01 GMT+0800 (中国标准时间), Current mtime: Thu Jan 01 1970 08:00:11 GMT+0800 (中国标准时间)
debug: Inspect cce:/internal/x/prerequisite-imports
debug: Resolve file:///Users/point/projects/flappy-bird/assets/Script/AudioController.ts from cce:/internal/x/prerequisite-imports as file:///Users/point/projects/flappy-bird/assets/Script/AudioController.ts.
debug: Resolve file:///Users/point/projects/flappy-bird/assets/Script/BirdController.ts from cce:/internal/x/prerequisite-imports as file:///Users/point/projects/flappy-bird/assets/Script/BirdController.ts.
debug: Resolve file:///Users/point/projects/flappy-bird/assets/Script/MainController.ts from cce:/internal/x/prerequisite-imports as file:///Users/point/projects/flappy-bird/assets/Script/MainController.ts.
debug: Inspect file:///Users/point/projects/flappy-bird/assets/Script/AudioController.ts
debug: Inspect file:///Users/point/projects/flappy-bird/assets/Script/BirdController.ts
debug: Inspect file:///Users/point/projects/flappy-bird/assets/Script/MainController.ts
debug: Resolve cc from file:///Users/point/projects/flappy-bird/assets/Script/MainController.ts as cce:/internal/x/cc.
debug: Resolve cc from file:///Users/point/projects/flappy-bird/assets/Script/MainController.ts as cce:/internal/x/cc.
debug: Resolve cce:/internal/code-quality/cr.mjs from file:///Users/point/projects/flappy-bird/assets/Script/BirdController.ts as cce:/internal/code-quality/cr.mjs.
debug: Resolve cc from file:///Users/point/projects/flappy-bird/assets/Script/BirdController.ts as cce:/internal/x/cc.
debug: Resolve cc from file:///Users/point/projects/flappy-bird/assets/Script/BirdController.ts as cce:/internal/x/cc.
debug: Detected change: cce:/internal/code-quality/cr.mjs. Last mtime: Fri Nov 26 2021 00:54:15 GMT+0800 (中国标准时间), Current mtime: Fri Nov 26 2021 10:51:11 GMT+0800 (中国标准时间)
debug: Inspect cce:/internal/code-quality/cr.mjs
debug: Resolve cc from file:///Users/point/projects/flappy-bird/assets/Script/AudioController.ts as cce:/internal/x/cc.
debug: Resolve cc from file:///Users/point/projects/flappy-bird/assets/Script/AudioController.ts as cce:/internal/x/cc.
debug: Resolve ./AudioController from file:///Users/point/projects/flappy-bird/assets/Script/BirdController.ts as file:///Users/point/projects/flappy-bird/assets/Script/AudioController.ts.
debug: Resolve ./MainController from file:///Users/point/projects/flappy-bird/assets/Script/BirdController.ts as file:///Users/point/projects/flappy-bird/assets/Script/MainController.ts.
debug: Target(preview) ends with cost 325.2598056793213ms.
